[debug] [2025-07-15T01:15:39.490Z] ----------------------------------------------------------------------
[debug] [2025-07-15T01:15:39.491Z] Command:       /opt/homebrew/Cellar/node/24.3.0/bin/node /opt/homebrew/bin/firebase init hosting
[debug] [2025-07-15T01:15:39.492Z] CLI Version:   14.10.1
[debug] [2025-07-15T01:15:39.492Z] Platform:      darwin
[debug] [2025-07-15T01:15:39.492Z] Node Version:  v24.3.0
[debug] [2025-07-15T01:15:39.492Z] Time:          Tue Jul 15 2025 10:15:39 GMT+0900 (Korean Standard Time)
[debug] [2025-07-15T01:15:39.492Z] ----------------------------------------------------------------------
[debug] 
[debug] [2025-07-15T01:15:39.596Z] > command requires scopes: ["email","openid","https://www.googleapis.com/auth/cloudplatformprojects.readonly","https://www.googleapis.com/auth/firebase","https://www.googleapis.com/auth/cloud-platform"]
[debug] [2025-07-15T01:15:39.596Z] > authorizing via signed-in user (kimwasabi98@gmail.com)
[info] 
     ######## #### ########  ######## ########     ###     ######  ########
     ##        ##  ##     ## ##       ##     ##  ##   ##  ##       ##
     ######    ##  ########  ######   ########  #########  ######  ######
     ##        ##  ##    ##  ##       ##     ## ##     ##       ## ##
     ##       #### ##     ## ######## ########  ##     ##  ######  ########

You're about to initialize a Firebase project in this directory:

  /Users/mskim/Desktop/DeepDive/frontend/my-app

Before we get started, keep in mind:

  * You are initializing within an existing Firebase project directory

[info] 
=== Project Setup
[info] 
[info] First, let's associate this project directory with a Firebase project.
[info] You can create multiple project aliases by running firebase use --add, 
[info] but for now we'll just set up a default project.
[info] 
[debug] [2025-07-15T01:15:39.598Z] Using project from CLI flag: test-8503f
[debug] [2025-07-15T01:15:39.599Z] Checked if tokens are valid: true, expires at: 1752545322261
[debug] [2025-07-15T01:15:39.599Z] Checked if tokens are valid: true, expires at: 1752545322261
[debug] [2025-07-15T01:15:39.599Z] >>> [apiv2][query] GET https://firebase.googleapis.com/v1beta1/projects/test-8503f [none]
[debug] [2025-07-15T01:15:40.183Z] <<< [apiv2][status] GET https://firebase.googleapis.com/v1beta1/projects/test-8503f 200
[debug] [2025-07-15T01:15:40.183Z] <<< [apiv2][body] GET https://firebase.googleapis.com/v1beta1/projects/test-8503f {"projectId":"test-8503f","projectNumber":"289530866468","displayName":"test","name":"projects/test-8503f","resources":{"hostingSite":"test-8503f"},"state":"ACTIVE","etag":"1_088e6a6a-9389-477c-b29c-cd3d22606c0f"}
[info] i  Using project test-8503f (test) 
[info] 
=== Hosting Setup
[debug] [2025-07-15T01:15:40.190Z] Checked if tokens are valid: true, expires at: 1752545322261
[debug] [2025-07-15T01:15:40.190Z] Checked if tokens are valid: true, expires at: 1752545322261
[debug] [2025-07-15T01:15:40.190Z] >>> [apiv2][query] GET https://firebase.googleapis.com/v1beta1/projects/test-8503f [none]
[debug] [2025-07-15T01:15:40.553Z] <<< [apiv2][status] GET https://firebase.googleapis.com/v1beta1/projects/test-8503f 200
[debug] [2025-07-15T01:15:40.553Z] <<< [apiv2][body] GET https://firebase.googleapis.com/v1beta1/projects/test-8503f {"projectId":"test-8503f","projectNumber":"289530866468","displayName":"test","name":"projects/test-8503f","resources":{"hostingSite":"test-8503f"},"state":"ACTIVE","etag":"1_088e6a6a-9389-477c-b29c-cd3d22606c0f"}
[info] 
[info] Your public directory is the folder (relative to your project directory) that
[info] will contain Hosting assets to be uploaded with firebase deploy. If you
[info] have a build process for your assets, use your build's output directory.
[info] 
